utl/build (2)/outputs/logs/manifest-merger-debug-report.txt
-- Merging decision tree log ---
manifest
ADDED from src\main\AndroidManifest.xml:2:1-569:12
	xmlns:tools
		ADDED from src\main\AndroidManifest.xml:3:5-51
	xmlns:android
		ADDED from src\main\AndroidManifest.xml:2:11-69
	package
		ADDED from src\main\AndroidManifest.xml:4:5-46
		INJECTED from src\main\AndroidManifest.xml
		INJECTED from src\main\AndroidManifest.xml
	android:versionName
		ADDED from src\main\AndroidManifest.xml:7:5-30
	android:versionCode
		ADDED from src\main\AndroidManifest.xml:6:5-33
		INJECTED from src\main\AndroidManifest.xml
		INJECTED from src\main\AndroidManifest.xml
	android:installLocation
		ADDED from src\main\AndroidManifest.xml:5:5-35
uses-sdk
ADDED from src\main\AndroidManifest.xml:9:5-13:7
MERGED from [UTL:droidparts:unspecified] AndroidManifest.xml:5:5-7:40
MERGED from [com.android.support:appcompat-v7:19.0.1] AndroidManifest.xml:18:5-42
MERGED from [com.android.support:support-v4:22.2.0] AndroidManifest.xml:20:5-43
MERGED from [com.android.support:support-v4:22.2.0] AndroidManifest.xml:20:5-43
MERGED from [com.google.android.gms:play-services-wearable:7.8.0] AndroidManifest.xml:18:5-42
MERGED from [com.google.android.gms:play-services-base:7.8.0] AndroidManifest.xml:18:5-42
MERGED from [com.android.support:support-v4:22.2.0] AndroidManifest.xml:20:5-43
	android:targetSdkVersion
		ADDED from src\main\AndroidManifest.xml:11:9-38
		INJECTED from src\main\AndroidManifest.xml
		INJECTED from src\main\AndroidManifest.xml
	android:minSdkVersion
		ADDED from src\main\AndroidManifest.xml:10:9-35
		INJECTED from src\main\AndroidManifest.xml
		INJECTED from src\main\AndroidManifest.xml
	tools:overrideLibrary
		ADDED from src\main\AndroidManifest.xml:12:9-88
uses-permission#android.permission.INTERNET
ADDED from src\main\AndroidManifest.xml:15:5-67
	android:name
		ADDED from src\main\AndroidManifest.xml:15:22-64
uses-permission#android.permission.ACCESS_NETWORK_STATE
ADDED from src\main\AndroidManifest.xml:16:5-79
	android:name
		ADDED from src\main\AndroidManifest.xml:16:22-76
uses-permission#android.permission.VIBRATE
ADDED from src\main\AndroidManifest.xml:17:5-66
	android:name
		ADDED from src\main\AndroidManifest.xml:17:22-63
uses-permission#android.permission.ACCESS_WIFI_STATE
ADDED from src\main\AndroidManifest.xml:18:5-76
	android:name
		ADDED from src\main\AndroidManifest.xml:18:22-73
uses-permission#android.permission.RECEIVE_BOOT_COMPLETED
ADDED from src\main\AndroidManifest.xml:19:5-81
	android:name
		ADDED from src\main\AndroidManifest.xml:19:22-78
uses-permission#android.permission.READ_PHONE_STATE
ADDED from src\main\AndroidManifest.xml:20:5-75
	android:name
		ADDED from src\main\AndroidManifest.xml:20:22-72
uses-permission#android.permission.ACCESS_COARSE_LOCATION
ADDED from src\main\AndroidManifest.xml:21:5-81
	android:name
		ADDED from src\main\AndroidManifest.xml:21:22-78
uses-permission#android.permission.ACCESS_FINE_LOCATION
ADDED from src\main\AndroidManifest.xml:22:5-79
	android:name
		ADDED from src\main\AndroidManifest.xml:22:22-76
uses-permission#android.permission.GET_ACCOUNTS
ADDED from src\main\AndroidManifest.xml:23:5-71
	android:name
		ADDED from src\main\AndroidManifest.xml:23:22-68
uses-permission#android.permission.USE_CREDENTIALS
ADDED from src\main\AndroidManifest.xml:24:5-74
	android:name
		ADDED from src\main\AndroidManifest.xml:24:22-71
uses-permission#android.permission.MANAGE_ACCOUNTS
ADDED from src\main\AndroidManifest.xml:25:5-74
	android:name
		ADDED from src\main\AndroidManifest.xml:25:22-71
uses-permission#android.permission.READ_CONTACTS
ADDED from src\main\AndroidManifest.xml:26:5-72
	android:name
		ADDED from src\main\AndroidManifest.xml:26:22-69
uses-permission#android.permission.READ_CALENDAR
ADDED from src\main\AndroidManifest.xml:27:5-72
	android:name
		ADDED from src\main\AndroidManifest.xml:27:22-69
uses-permission#android.permission.WRITE_CALENDAR
ADDED from src\main\AndroidManifest.xml:28:5-73
	android:name
		ADDED from src\main\AndroidManifest.xml:28:22-70
uses-permission#android.permission.WRITE_EXTERNAL_STORAGE
ADDED from src\main\AndroidManifest.xml:29:5-81
	android:name
		ADDED from src\main\AndroidManifest.xml:29:22-78
uses-permission#android.permission.READ_EXTERNAL_STORAGE
ADDED from src\main\AndroidManifest.xml:30:5-80
	android:name
		ADDED from src\main\AndroidManifest.xml:30:22-77
uses-permission#android.permission.RECORD_AUDIO
ADDED from src\main\AndroidManifest.xml:31:5-71
	android:name
		ADDED from src\main\AndroidManifest.xml:31:22-68
uses-permission#android.permission.BLUETOOTH
ADDED from src\main\AndroidManifest.xml:32:5-68
	android:name
		ADDED from src\main\AndroidManifest.xml:32:22-65
uses-permission#com.android.vending.BILLING
ADDED from src\main\AndroidManifest.xml:33:5-67
	android:name
		ADDED from src\main\AndroidManifest.xml:33:22-64
uses-permission#utl_permission
ADDED from src\main\AndroidManifest.xml:34:5-54
	android:name
		ADDED from src\main\AndroidManifest.xml:34:22-51
uses-permission#com.customsolutions.android.utl_tab_permission
ADDED from src\main\AndroidManifest.xml:35:5-86
	android:name
		ADDED from src\main\AndroidManifest.xml:35:22-83
uses-feature#android.hardware.wifi
ADDED from src\main\AndroidManifest.xml:38:5-40:36
	android:required
		ADDED from src\main\AndroidManifest.xml:40:9-33
	android:name
		ADDED from src\main\AndroidManifest.xml:39:9-45
uses-feature#android.hardware.location.network
ADDED from src\main\AndroidManifest.xml:41:5-43:36
	android:required
		ADDED from src\main\AndroidManifest.xml:43:9-33
	android:name
		ADDED from src\main\AndroidManifest.xml:42:9-57
uses-feature#android.hardware.location
ADDED from src\main\AndroidManifest.xml:44:5-46:36
	android:required
		ADDED from src\main\AndroidManifest.xml:46:9-33
	android:name
		ADDED from src\main\AndroidManifest.xml:45:9-49
uses-feature#android.hardware.location.gps
ADDED from src\main\AndroidManifest.xml:47:5-49:36
	android:required
		ADDED from src\main\AndroidManifest.xml:49:9-33
	android:name
		ADDED from src\main\AndroidManifest.xml:48:9-53
uses-feature#android.hardware.microphone
ADDED from src\main\AndroidManifest.xml:50:5-52:36
	android:required
		ADDED from src\main\AndroidManifest.xml:52:9-33
	android:name
		ADDED from src\main\AndroidManifest.xml:51:9-51
uses-feature#android.hardware.bluetooth
ADDED from src\main\AndroidManifest.xml:53:5-55:36
	android:required
		ADDED from src\main\AndroidManifest.xml:55:9-33
	android:name
		ADDED from src\main\AndroidManifest.xml:54:9-50
application
ADDED from src\main\AndroidManifest.xml:57:5-567:19
MERGED from [com.android.support:appcompat-v7:19.0.1] AndroidManifest.xml:19:5-20
MERGED from [com.android.support:support-v4:22.2.0] AndroidManifest.xml:22:5-20
MERGED from [com.android.support:support-v4:22.2.0] AndroidManifest.xml:22:5-20
MERGED from [com.google.android.gms:play-services-wearable:7.8.0] AndroidManifest.xml:19:5-20
MERGED from [com.google.android.gms:play-services-base:7.8.0] AndroidManifest.xml:20:5-24:19
MERGED from [com.android.support:support-v4:22.2.0] AndroidManifest.xml:22:5-20
	android:label
		ADDED from src\main\AndroidManifest.xml:59:9-41
	android:icon
		ADDED from src\main\AndroidManifest.xml:58:9-38
	android:theme
		ADDED from src\main\AndroidManifest.xml:60:9-40
activity#com.customsolutions.android.utl.main
ADDED from src\main\AndroidManifest.xml:61:9-69:20
	android:label
		ADDED from src\main\AndroidManifest.xml:63:13-45
	android:name
		ADDED from src\main\AndroidManifest.xml:62:13-33
intent-filter#android.intent.action.MAIN+android.intent.category.LAUNCHER
ADDED from src\main\AndroidManifest.xml:64:13-68:29
action#android.intent.action.MAIN
ADDED from src\main\AndroidManifest.xml:65:17-69
	android:name
		ADDED from src\main\AndroidManifest.xml:65:25-66
category#android.intent.category.LAUNCHER
ADDED from src\main\AndroidManifest.xml:67:17-77
	android:name
		ADDED from src\main\AndroidManifest.xml:67:27-74
activity#com.customsolutions.android.utl.BeginSetup
ADDED from src\main\AndroidManifest.xml:70:9-48
	android:name
		ADDED from src\main\AndroidManifest.xml:70:19-45
activity#com.customsolutions.android.utl.GetAccountName
ADDED from src\main\AndroidManifest.xml:71:9-52
	android:name
		ADDED from src\main\AndroidManifest.xml:71:19-49
activity#com.customsolutions.android.utl.EditTask
ADDED from src\main\AndroidManifest.xml:72:9-46
	android:name
		ADDED from src\main\AndroidManifest.xml:72:19-43
activity#com.customsolutions.android.utl.DateChooser
ADDED from src\main\AndroidManifest.xml:73:9-75:53
	android:theme
		ADDED from src\main\AndroidManifest.xml:75:13-50
	android:name
		ADDED from src\main\AndroidManifest.xml:74:13-40
activity#com.customsolutions.android.utl.AdvancedRepeatPopup
ADDED from src\main\AndroidManifest.xml:76:9-78:53
	android:theme
		ADDED from src\main\AndroidManifest.xml:78:13-50
	android:name
		ADDED from src\main\AndroidManifest.xml:77:13-48
activity#com.customsolutions.android.utl.TagPicker
ADDED from src\main\AndroidManifest.xml:79:9-81:53
	android:theme
		ADDED from src\main\AndroidManifest.xml:81:13-50
	android:name
		ADDED from src\main\AndroidManifest.xml:80:13-38
activity#com.customsolutions.android.utl.ItemPicker
ADDED from src\main\AndroidManifest.xml:82:9-84:53
	android:theme
		ADDED from src\main\AndroidManifest.xml:84:13-50
	android:name
		ADDED from src\main\AndroidManifest.xml:83:13-39
activity#com.customsolutions.android.utl.StringItemPicker
ADDED from src\main\AndroidManifest.xml:85:9-87:53
	android:theme
		ADDED from src\main\AndroidManifest.xml:87:13-50
	android:name
		ADDED from src\main\AndroidManifest.xml:86:13-45
activity#com.customsolutions.android.utl.TaskList
ADDED from src\main\AndroidManifest.xml:88:9-92:20
	android:name
		ADDED from src\main\AndroidManifest.xml:88:19-43
meta-data#android.support.UI_OPTIONS
ADDED from src\main\AndroidManifest.xml:89:13-91:60
	android:name
		ADDED from src\main\AndroidManifest.xml:90:17-58
	android:value
		ADDED from src\main\AndroidManifest.xml:91:17-57
activity#com.customsolutions.android.utl.ViewTask
ADDED from src\main\AndroidManifest.xml:93:9-101:20
	android:name
		ADDED from src\main\AndroidManifest.xml:93:19-43
intent-filter#android.intent.action.VIEW+android.intent.category.DEFAULT
ADDED from src\main\AndroidManifest.xml:94:13-100:29
action#android.intent.action.VIEW
ADDED from src\main\AndroidManifest.xml:95:17-69
	android:name
		ADDED from src\main\AndroidManifest.xml:95:25-66
category#android.intent.category.DEFAULT
ADDED from src\main\AndroidManifest.xml:97:17-76
	android:name
		ADDED from src\main\AndroidManifest.xml:97:27-73
data
ADDED from src\main\AndroidManifest.xml:99:17-94
	android:mimeType
		ADDED from src\main\AndroidManifest.xml:99:23-91
service#com.customsolutions.android.utl.Synchronizer
ADDED from src\main\AndroidManifest.xml:103:9-49
	android:name
		ADDED from src\main\AndroidManifest.xml:103:18-46
activity#com.customsolutions.android.utl.ToodledoLoginInfoV3
ADDED from src\main\AndroidManifest.xml:105:9-107:62
	android:configChanges
		ADDED from src\main\AndroidManifest.xml:107:13-59
	android:name
		ADDED from src\main\AndroidManifest.xml:106:13-48
activity#com.customsolutions.android.utl.ViewRulesList
ADDED from src\main\AndroidManifest.xml:108:9-110:53
	android:theme
		ADDED from src\main\AndroidManifest.xml:110:13-50
	android:name
		ADDED from src\main\AndroidManifest.xml:109:13-42
activity#com.customsolutions.android.utl.EditTextViewRule
ADDED from src\main\AndroidManifest.xml:111:9-113:53
	android:theme
		ADDED from src\main\AndroidManifest.xml:113:13-50
	android:name
		ADDED from src\main\AndroidManifest.xml:112:13-45
activity#com.customsolutions.android.utl.EditBooleanViewRule
ADDED from src\main\AndroidManifest.xml:114:9-116:53
	android:theme
		ADDED from src\main\AndroidManifest.xml:116:13-50
	android:name
		ADDED from src\main\AndroidManifest.xml:115:13-48
activity#com.customsolutions.android.utl.EditIntViewRule
ADDED from src\main\AndroidManifest.xml:117:9-119:53
	android:theme
		ADDED from src\main\AndroidManifest.xml:119:13-50
	android:name
		ADDED from src\main\AndroidManifest.xml:118:13-44
activity#com.customsolutions.android.utl.EditMultChoiceViewRule
ADDED from src\main\AndroidManifest.xml:120:9-122:53
	android:theme
		ADDED from src\main\AndroidManifest.xml:122:13-50
	android:name
		ADDED from src\main\AndroidManifest.xml:121:13-51
activity#com.customsolutions.android.utl.EditLocationViewRule
ADDED from src\main\AndroidManifest.xml:123:9-125:53
	android:theme
		ADDED from src\main\AndroidManifest.xml:125:13-50
	android:name
		ADDED from src\main\AndroidManifest.xml:124:13-49
activity#com.customsolutions.android.utl.EditMultStringsViewRule
ADDED from src\main\AndroidManifest.xml:126:9-128:53
	android:theme
		ADDED from src\main\AndroidManifest.xml:128:13-50
	android:name
		ADDED from src\main\AndroidManifest.xml:127:13-52
activity#com.customsolutions.android.utl.EditDateViewRule
ADDED from src\main\AndroidManifest.xml:129:9-131:53
	android:theme
		ADDED from src\main\AndroidManifest.xml:131:13-50
	android:name
		ADDED from src\main\AndroidManifest.xml:130:13-45
activity#com.customsolutions.android.utl.EditDueDateViewRule
ADDED from src\main\AndroidManifest.xml:132:9-134:53
	android:theme
		ADDED from src\main\AndroidManifest.xml:134:13-50
	android:name
		ADDED from src\main\AndroidManifest.xml:133:13-48
activity#com.customsolutions.android.utl.SaveView
ADDED from src\main\AndroidManifest.xml:135:9-137:53
	android:theme
		ADDED from src\main\AndroidManifest.xml:137:13-50
	android:name
		ADDED from src\main\AndroidManifest.xml:136:13-37
activity#com.customsolutions.android.utl.SortOrder
ADDED from src\main\AndroidManifest.xml:138:9-140:53
	android:theme
		ADDED from src\main\AndroidManifest.xml:140:13-50
	android:name
		ADDED from src\main\AndroidManifest.xml:139:13-38
activity#com.customsolutions.android.utl.EditDisplayOptions
ADDED from src\main\AndroidManifest.xml:141:9-143:53
	android:theme
		ADDED from src\main\AndroidManifest.xml:143:13-50
	android:name
		ADDED from src\main\AndroidManifest.xml:142:13-47
activity#com.customsolutions.android.utl.NoteList
ADDED from src\main\AndroidManifest.xml:144:9-148:20
	android:name
		ADDED from src\main\AndroidManifest.xml:144:19-43
activity#com.customsolutions.android.utl.PrefsActivity
ADDED from src\main\AndroidManifest.xml:149:9-51
	android:name
		ADDED from src\main\AndroidManifest.xml:149:19-48
activity#com.customsolutions.android.utl.AccountOps
ADDED from src\main\AndroidManifest.xml:150:9-152:53
	android:theme
		ADDED from src\main\AndroidManifest.xml:152:13-50
	android:name
		ADDED from src\main\AndroidManifest.xml:151:13-39
activity#com.customsolutions.android.utl.FieldsUsed
ADDED from src\main\AndroidManifest.xml:153:9-48
	android:name
		ADDED from src\main\AndroidManifest.xml:153:19-45
activity#com.customsolutions.android.utl.QuickSearch
ADDED from src\main\AndroidManifest.xml:154:9-156:53
	android:theme
		ADDED from src\main\AndroidManifest.xml:156:13-50
	android:name
		ADDED from src\main\AndroidManifest.xml:155:13-40
activity#com.customsolutions.android.utl.Help
ADDED from src\main\AndroidManifest.xml:157:9-159:53
	android:theme
		ADDED from src\main\AndroidManifest.xml:159:13-50
	android:name
		ADDED from src\main\AndroidManifest.xml:158:13-33
activity#com.customsolutions.android.utl.UploadLog
ADDED from src\main\AndroidManifest.xml:160:9-162:53
	android:theme
		ADDED from src\main\AndroidManifest.xml:162:13-50
	android:name
		ADDED from src\main\AndroidManifest.xml:161:13-38
service#com.customsolutions.android.utl.DatabaseCleaner
ADDED from src\main\AndroidManifest.xml:164:9-52
	android:name
		ADDED from src\main\AndroidManifest.xml:164:18-49
service#com.customsolutions.android.utl.ServerRegistration
ADDED from src\main\AndroidManifest.xml:165:9-55
	android:name
		ADDED from src\main\AndroidManifest.xml:165:18-52
service#com.customsolutions.android.utl.LocationChecker
ADDED from src\main\AndroidManifest.xml:166:9-52
	android:name
		ADDED from src\main\AndroidManifest.xml:166:18-49
activity#com.customsolutions.android.utl.TrialExpired
ADDED from src\main\AndroidManifest.xml:168:9-170:62
	android:configChanges
		ADDED from src\main\AndroidManifest.xml:170:13-59
	android:name
		ADDED from src\main\AndroidManifest.xml:169:13-41
activity#com.customsolutions.android.utl.WidgetDisplayOptions
ADDED from src\main\AndroidManifest.xml:171:9-173:53
	android:theme
		ADDED from src\main\AndroidManifest.xml:173:13-50
	android:name
		ADDED from src\main\AndroidManifest.xml:172:13-49
activity#com.customsolutions.android.utl.WidgetOptions
ADDED from src\main\AndroidManifest.xml:174:9-178:53
	android:theme
		ADDED from src\main\AndroidManifest.xml:178:13-50
	android:taskAffinity
		ADDED from src\main\AndroidManifest.xml:177:13-74
	android:name
		ADDED from src\main\AndroidManifest.xml:175:13-42
	android:launchMode
		ADDED from src\main\AndroidManifest.xml:176:13-44
activity#com.customsolutions.android.utl.TaskMap
ADDED from src\main\AndroidManifest.xml:179:9-45
	android:name
		ADDED from src\main\AndroidManifest.xml:179:19-42
activity#com.customsolutions.android.utl.GTasksSetup
ADDED from src\main\AndroidManifest.xml:180:9-182:62
	android:configChanges
		ADDED from src\main\AndroidManifest.xml:182:13-59
	android:name
		ADDED from src\main\AndroidManifest.xml:181:13-40
activity#com.customsolutions.android.utl.ChoosePresetFieldsFunctions
ADDED from src\main\AndroidManifest.xml:183:9-65
	android:name
		ADDED from src\main\AndroidManifest.xml:183:19-62
activity#com.customsolutions.android.utl.CollaboratorsList
ADDED from src\main\AndroidManifest.xml:184:9-186:53
	android:theme
		ADDED from src\main\AndroidManifest.xml:186:13-50
	android:name
		ADDED from src\main\AndroidManifest.xml:185:13-46
activity#com.customsolutions.android.utl.GenericListActivity
ADDED from src\main\AndroidManifest.xml:187:9-57
	android:name
		ADDED from src\main\AndroidManifest.xml:187:19-54
activity#com.customsolutions.android.utl.EditContextActivity
ADDED from src\main\AndroidManifest.xml:188:9-57
	android:name
		ADDED from src\main\AndroidManifest.xml:188:19-54
activity#com.customsolutions.android.utl.EditFolderActivity
ADDED from src\main\AndroidManifest.xml:189:9-56
	android:name
		ADDED from src\main\AndroidManifest.xml:189:19-53
activity#com.customsolutions.android.utl.EditGoalActivity
ADDED from src\main\AndroidManifest.xml:190:9-54
	android:name
		ADDED from src\main\AndroidManifest.xml:190:19-51
activity#com.customsolutions.android.utl.EditTagActivity
ADDED from src\main\AndroidManifest.xml:191:9-193:62
	android:configChanges
		ADDED from src\main\AndroidManifest.xml:193:13-59
	android:name
		ADDED from src\main\AndroidManifest.xml:192:13-44
activity#com.customsolutions.android.utl.EditViewActivity
ADDED from src\main\AndroidManifest.xml:194:9-54
	android:name
		ADDED from src\main\AndroidManifest.xml:194:19-51
activity#com.customsolutions.android.utl.EditLocationActivity
ADDED from src\main\AndroidManifest.xml:195:9-197:62
	android:configChanges
		ADDED from src\main\AndroidManifest.xml:197:13-59
	android:name
		ADDED from src\main\AndroidManifest.xml:196:13-49
activity#com.customsolutions.android.utl.ViewNote
ADDED from src\main\AndroidManifest.xml:198:9-46
	android:name
		ADDED from src\main\AndroidManifest.xml:198:19-43
activity#com.customsolutions.android.utl.EditNoteActivity
ADDED from src\main\AndroidManifest.xml:199:9-54
	android:name
		ADDED from src\main\AndroidManifest.xml:199:19-51
activity#com.customsolutions.android.utl.EditTaskPopup
ADDED from src\main\AndroidManifest.xml:200:9-217:20
	android:theme
		ADDED from src\main\AndroidManifest.xml:204:13-50
	android:taskAffinity
		ADDED from src\main\AndroidManifest.xml:203:13-74
	android:name
		ADDED from src\main\AndroidManifest.xml:201:13-42
	android:launchMode
		ADDED from src\main\AndroidManifest.xml:202:13-44
intent-filter#android.intent.action.EDIT+android.intent.category.DEFAULT
ADDED from src\main\AndroidManifest.xml:205:13-209:29
action#android.intent.action.EDIT
ADDED from src\main\AndroidManifest.xml:206:17-69
	android:name
		ADDED from src\main\AndroidManifest.xml:206:25-66
intent-filter#android.intent.action.VIEW+android.intent.category.BROWSABLE+android.intent.category.DEFAULT
ADDED from src\main\AndroidManifest.xml:210:13-216:29
category#android.intent.category.BROWSABLE
ADDED from src\main\AndroidManifest.xml:213:17-78
	android:name
		ADDED from src\main\AndroidManifest.xml:213:27-75
activity#com.customsolutions.android.utl.ViewTaskPopup
ADDED from src\main\AndroidManifest.xml:218:9-222:53
	android:theme
		ADDED from src\main\AndroidManifest.xml:222:13-50
	android:taskAffinity
		ADDED from src\main\AndroidManifest.xml:221:13-74
	android:name
		ADDED from src\main\AndroidManifest.xml:219:13-42
	android:launchMode
		ADDED from src\main\AndroidManifest.xml:220:13-44
activity#com.customsolutions.android.utl.SnoozePopup
ADDED from src\main\AndroidManifest.xml:223:9-227:53
	android:theme
		ADDED from src\main\AndroidManifest.xml:227:13-50
	android:taskAffinity
		ADDED from src\main\AndroidManifest.xml:226:13-74
	android:name
		ADDED from src\main\AndroidManifest.xml:224:13-40
	android:launchMode
		ADDED from src\main\AndroidManifest.xml:225:13-44
activity#com.customsolutions.android.utl.ColorCodeReference
ADDED from src\main\AndroidManifest.xml:228:9-230:53
	android:theme
		ADDED from src\main\AndroidManifest.xml:230:13-50
	android:name
		ADDED from src\main\AndroidManifest.xml:229:13-47
activity#com.customsolutions.android.utl.WhatsNew
ADDED from src\main\AndroidManifest.xml:231:9-233:53
	android:theme
		ADDED from src\main\AndroidManifest.xml:233:13-50
	android:name
		ADDED from src\main\AndroidManifest.xml:232:13-37
activity#com.customsolutions.android.utl.LicenseUpgradeNotice
ADDED from src\main\AndroidManifest.xml:234:9-236:53
	android:theme
		ADDED from src\main\AndroidManifest.xml:236:13-50
	android:name
		ADDED from src\main\AndroidManifest.xml:235:13-49
activity#com.customsolutions.android.utl.EditNotePopup
ADDED from src\main\AndroidManifest.xml:237:9-239:53
	android:theme
		ADDED from src\main\AndroidManifest.xml:239:13-50
	android:name
		ADDED from src\main\AndroidManifest.xml:238:13-42
activity#com.customsolutions.android.utl.VoiceCommand
ADDED from src\main\AndroidManifest.xml:240:9-252:20
	android:label
		ADDED from src\main\AndroidManifest.xml:243:13-47
	android:icon
		ADDED from src\main\AndroidManifest.xml:242:13-48
	android:theme
		ADDED from src\main\AndroidManifest.xml:246:13-50
	android:taskAffinity
		ADDED from src\main\AndroidManifest.xml:245:13-74
	android:name
		ADDED from src\main\AndroidManifest.xml:241:13-41
	android:launchMode
		ADDED from src\main\AndroidManifest.xml:244:13-44
activity#com.customsolutions.android.utl.VoiceCommandConfirm
ADDED from src\main\AndroidManifest.xml:253:9-255:53
	android:theme
		ADDED from src\main\AndroidManifest.xml:255:13-50
	android:name
		ADDED from src\main\AndroidManifest.xml:254:13-48
activity#com.customsolutions.android.utl.VoiceCommandRead
ADDED from src\main\AndroidManifest.xml:256:9-258:53
	android:theme
		ADDED from src\main\AndroidManifest.xml:258:13-50
	android:name
		ADDED from src\main\AndroidManifest.xml:257:13-45
activity#com.customsolutions.android.utl.BetaExpired
ADDED from src\main\AndroidManifest.xml:259:9-49
	android:name
		ADDED from src\main\AndroidManifest.xml:259:19-46
activity#com.customsolutions.android.utl.AndroidWearHelp
ADDED from src\main\AndroidManifest.xml:260:9-262:11
	android:theme
		ADDED from src\main\AndroidManifest.xml:261:13-50
	android:name
		ADDED from src\main\AndroidManifest.xml:260:19-50
activity#com.customsolutions.android.utl.TextReceiver
ADDED from src\main\AndroidManifest.xml:268:9-284:20
	android:label
		ADDED from src\main\AndroidManifest.xml:270:13-45
	android:theme
		ADDED from src\main\AndroidManifest.xml:273:13-50
	android:taskAffinity
		ADDED from src\main\AndroidManifest.xml:272:13-74
	android:name
		ADDED from src\main\AndroidManifest.xml:269:13-41
	android:launchMode
		ADDED from src\main\AndroidManifest.xml:271:13-44
intent-filter#android.intent.action.SEND+android.intent.category.DEFAULT+com.google.android.gm.action.AUTO_SEND+com.google.android.voicesearch.SELF_NOTE+com.google.android.voicesearch.action.AUTO_SEND
ADDED from src\main\AndroidManifest.xml:274:13-283:29
action#android.intent.action.SEND
ADDED from src\main\AndroidManifest.xml:275:17-69
	android:name
		ADDED from src\main\AndroidManifest.xml:275:25-66
action#com.google.android.gm.action.AUTO_SEND
ADDED from src\main\AndroidManifest.xml:276:17-81
	android:name
		ADDED from src\main\AndroidManifest.xml:276:25-78
action#com.google.android.voicesearch.action.AUTO_SEND
ADDED from src\main\AndroidManifest.xml:277:17-90
	android:name
		ADDED from src\main\AndroidManifest.xml:277:25-87
category#com.google.android.voicesearch.SELF_NOTE
ADDED from src\main\AndroidManifest.xml:280:17-85
	android:name
		ADDED from src\main\AndroidManifest.xml:280:27-82
activity#com.customsolutions.android.utl.ShortcutMakerNewTask
ADDED from src\main\AndroidManifest.xml:287:9-296:20
	android:label
		ADDED from src\main\AndroidManifest.xml:290:13-57
	android:icon
		ADDED from src\main\AndroidManifest.xml:289:13-53
	android:name
		ADDED from src\main\AndroidManifest.xml:288:13-49
intent-filter#android.intent.action.CREATE_SHORTCUT+android.intent.category.DEFAULT
ADDED from src\main\AndroidManifest.xml:291:13-295:29
action#android.intent.action.CREATE_SHORTCUT
ADDED from src\main\AndroidManifest.xml:292:17-80
	android:name
		ADDED from src\main\AndroidManifest.xml:292:25-77
activity#com.customsolutions.android.utl.ShortcutMakerVoiceMode
ADDED from src\main\AndroidManifest.xml:299:9-308:20
	android:label
		ADDED from src\main\AndroidManifest.xml:302:13-61
	android:icon
		ADDED from src\main\AndroidManifest.xml:301:13-48
	android:name
		ADDED from src\main\AndroidManifest.xml:300:13-51
receiver#com.customsolutions.android.utl.Notifier
ADDED from src\main\AndroidManifest.xml:311:9-313:39
	android:exported
		ADDED from src\main\AndroidManifest.xml:313:13-36
	android:name
		ADDED from src\main\AndroidManifest.xml:312:13-37
receiver#com.customsolutions.android.utl.LicenseReceiver
ADDED from src\main\AndroidManifest.xml:314:9-316:39
	android:exported
		ADDED from src\main\AndroidManifest.xml:316:13-36
	android:name
		ADDED from src\main\AndroidManifest.xml:315:13-44
service#com.customsolutions.android.utl.LicenseAppQuery
ADDED from src\main\AndroidManifest.xml:318:9-320:39
	android:exported
		ADDED from src\main\AndroidManifest.xml:320:13-36
	android:name
		ADDED from src\main\AndroidManifest.xml:319:13-44
service#com.customsolutions.android.utl.EventLogger
ADDED from src\main\AndroidManifest.xml:321:9-48
	android:name
		ADDED from src\main\AndroidManifest.xml:321:18-45
receiver#com.customsolutions.android.utl.BootupHandler
ADDED from src\main\AndroidManifest.xml:323:9-334:20
	android:name
		ADDED from src\main\AndroidManifest.xml:323:19-48
intent-filter#android.intent.action.BOOT_COMPLETED+android.intent.category.DEFAULT
ADDED from src\main\AndroidManifest.xml:324:13-328:29
action#android.intent.action.BOOT_COMPLETED
ADDED from src\main\AndroidManifest.xml:325:17-79
	android:name
		ADDED from src\main\AndroidManifest.xml:325:25-76
intent-filter#android.intent.action.EXTERNAL_APPLICATIONS_AVAILABLE+android.intent.category.DEFAULT
ADDED from src\main\AndroidManifest.xml:329:13-333:29
action#android.intent.action.EXTERNAL_APPLICATIONS_AVAILABLE
ADDED from src\main\AndroidManifest.xml:330:17-96
	android:name
		ADDED from src\main\AndroidManifest.xml:330:25-93
receiver#com.customsolutions.android.utl.HandleTimeZoneChange
ADDED from src\main\AndroidManifest.xml:335:9-341:20
	android:name
		ADDED from src\main\AndroidManifest.xml:335:19-55
intent-filter#android.intent.action.TIMEZONE_CHANGED+android.intent.category.DEFAULT
ADDED from src\main\AndroidManifest.xml:336:13-340:29
action#android.intent.action.TIMEZONE_CHANGED
ADDED from src\main\AndroidManifest.xml:337:17-81
	android:name
		ADDED from src\main\AndroidManifest.xml:337:25-78
service#com.customsolutions.android.utl.WearService
ADDED from src\main\AndroidManifest.xml:344:9-351:19
	android:exported
		ADDED from src\main\AndroidManifest.xml:346:13-36
	android:name
		ADDED from src\main\AndroidManifest.xml:345:13-40
intent-filter#com.google.android.gms.wearable.BIND_LISTENER
ADDED from src\main\AndroidManifest.xml:348:13-350:29
action#com.google.android.gms.wearable.BIND_LISTENER
ADDED from src\main\AndroidManifest.xml:349:17-88
	android:name
		ADDED from src\main\AndroidManifest.xml:349:25-85
receiver#com.customsolutions.android.utl.TaskListWidget2x2
ADDED from src\main\AndroidManifest.xml:354:9-365:20
	android:label
		ADDED from src\main\AndroidManifest.xml:357:13-50
	android:enabled
		ADDED from src\main\AndroidManifest.xml:356:13-50
	android:name
		ADDED from src\main\AndroidManifest.xml:355:13-46
intent-filter#android.appwidget.action.APPWIDGET_UPDATE
ADDED from src\main\AndroidManifest.xml:358:13-360:29
action#android.appwidget.action.APPWIDGET_UPDATE
ADDED from src\main\AndroidManifest.xml:359:17-84
	android:name
		ADDED from src\main\AndroidManifest.xml:359:25-81
meta-data#android.appwidget.provider
ADDED from src\main\AndroidManifest.xml:362:13-364:57
	android:resource
		ADDED from src\main\AndroidManifest.xml:364:17-54
	android:name
		ADDED from src\main\AndroidManifest.xml:363:17-58
receiver#com.customsolutions.android.utl.TaskListWidget2x3
ADDED from src\main\AndroidManifest.xml:366:9-377:20
	android:label
		ADDED from src\main\AndroidManifest.xml:369:13-50
	android:enabled
		ADDED from src\main\AndroidManifest.xml:368:13-50
	android:name
		ADDED from src\main\AndroidManifest.xml:367:13-46
receiver#com.customsolutions.android.utl.TaskListWidget2x4
ADDED from src\main\AndroidManifest.xml:378:9-389:20
	android:label
		ADDED from src\main\AndroidManifest.xml:381:13-50
	android:enabled
		ADDED from src\main\AndroidManifest.xml:380:13-50
	android:name